2022-07-28 22:57:11.024 INFO [AWT-EventQueue-0] [com.aptech.library.management.services.BookService.getBooks(BookService.java:60)] - Executing statement: com.mysql.cj.jdbc.CallableStatement: call get_books('', '', 0, '', '')
2022-07-28 22:57:11.150 INFO [AWT-EventQueue-0] [com.aptech.library.management.services.BookService.getBookId(BookService.java:381)] - Executing statement: com.mysql.cj.jdbc.ClientPreparedStatement: select id from book where name = ''
2022-07-28 22:57:11.158 ERROR [AWT-EventQueue-0] [com.aptech.library.management.services.BookService.getBookId(BookService.java:390)] - Error getting book ID.
java.sql.SQLException: Illegal operation on empty result set.
	at com.mysql.cj.jdbc.exceptions.SQLError.createSQLException(SQLError.java:129) ~[mysql-connector-java-8.0.29.jar:8.0.29]
	at com.mysql.cj.jdbc.exceptions.SQLError.createSQLException(SQLError.java:97) ~[mysql-connector-java-8.0.29.jar:8.0.29]
	at com.mysql.cj.jdbc.exceptions.SQLError.createSQLException(SQLError.java:89) ~[mysql-connector-java-8.0.29.jar:8.0.29]
	at com.mysql.cj.jdbc.exceptions.SQLError.createSQLException(SQLError.java:63) ~[mysql-connector-java-8.0.29.jar:8.0.29]
	at com.mysql.cj.jdbc.result.ResultSetImpl.checkRowPos(ResultSetImpl.java:532) ~[mysql-connector-java-8.0.29.jar:8.0.29]
	at com.mysql.cj.jdbc.result.ResultSetImpl.getObject(ResultSetImpl.java:1327) ~[mysql-connector-java-8.0.29.jar:8.0.29]
	at com.mysql.cj.jdbc.result.ResultSetImpl.getLong(ResultSetImpl.java:856) ~[mysql-connector-java-8.0.29.jar:8.0.29]
	at com.mysql.cj.jdbc.result.ResultSetImpl.getLong(ResultSetImpl.java:862) ~[mysql-connector-java-8.0.29.jar:8.0.29]
	at com.aptech.library.management.services.BookService.getBookId(BookService.java:386) ~[classes/:?]
	at com.aptech.library.management.views.formMain.loadSlipsData(formMain.java:1831) ~[classes/:?]
	at com.aptech.library.management.views.formMain.<init>(formMain.java:68) ~[classes/:?]
	at com.aptech.library.management.views.formMain$54.run(formMain.java:2324) ~[classes/:?]
	at java.awt.event.InvocationEvent.dispatch(InvocationEvent.java:318) ~[?:?]
	at java.awt.EventQueue.dispatchEventImpl(EventQueue.java:773) ~[?:?]
	at java.awt.EventQueue$4.run(EventQueue.java:720) ~[?:?]
	at java.awt.EventQueue$4.run(EventQueue.java:714) ~[?:?]
	at java.security.AccessController.doPrivileged(AccessController.java:399) ~[?:?]
	at java.security.ProtectionDomain$JavaSecurityAccessImpl.doIntersectionPrivilege(ProtectionDomain.java:86) ~[?:?]
	at java.awt.EventQueue.dispatchEvent(EventQueue.java:742) ~[?:?]
	at java.awt.EventDispatchThread.pumpOneEventForFilters(EventDispatchThread.java:203) ~[?:?]
	at java.awt.EventDispatchThread.pumpEventsForFilter(EventDispatchThread.java:124) ~[?:?]
	at java.awt.EventDispatchThread.pumpEventsForHierarchy(EventDispatchThread.java:113) ~[?:?]
	at java.awt.EventDispatchThread.pumpEvents(EventDispatchThread.java:109) ~[?:?]
	at java.awt.EventDispatchThread.pumpEvents(EventDispatchThread.java:101) ~[?:?]
	at java.awt.EventDispatchThread.run(EventDispatchThread.java:90) ~[?:?]
2022-07-28 22:57:11.198 ERROR [AWT-EventQueue-0] [com.aptech.library.management.views.formMain.loadSlipsData(formMain.java:1842)] - Error parsing borrow date.
java.time.format.DateTimeParseException: Text '' could not be parsed at index 0
	at java.time.format.DateTimeFormatter.parseResolved0(DateTimeFormatter.java:2056) ~[?:?]
	at java.time.format.DateTimeFormatter.parse(DateTimeFormatter.java:1958) ~[?:?]
	at java.time.LocalDate.parse(LocalDate.java:430) ~[?:?]
	at com.aptech.library.management.views.formMain.loadSlipsData(formMain.java:1839) ~[classes/:?]
	at com.aptech.library.management.views.formMain.<init>(formMain.java:68) ~[classes/:?]
	at com.aptech.library.management.views.formMain$54.run(formMain.java:2324) ~[classes/:?]
	at java.awt.event.InvocationEvent.dispatch(InvocationEvent.java:318) ~[?:?]
	at java.awt.EventQueue.dispatchEventImpl(EventQueue.java:773) ~[?:?]
	at java.awt.EventQueue$4.run(EventQueue.java:720) ~[?:?]
	at java.awt.EventQueue$4.run(EventQueue.java:714) ~[?:?]
	at java.security.AccessController.doPrivileged(AccessController.java:399) ~[?:?]
	at java.security.ProtectionDomain$JavaSecurityAccessImpl.doIntersectionPrivilege(ProtectionDomain.java:86) ~[?:?]
	at java.awt.EventQueue.dispatchEvent(EventQueue.java:742) ~[?:?]
	at java.awt.EventDispatchThread.pumpOneEventForFilters(EventDispatchThread.java:203) ~[?:?]
	at java.awt.EventDispatchThread.pumpEventsForFilter(EventDispatchThread.java:124) ~[?:?]
	at java.awt.EventDispatchThread.pumpEventsForHierarchy(EventDispatchThread.java:113) ~[?:?]
	at java.awt.EventDispatchThread.pumpEvents(EventDispatchThread.java:109) ~[?:?]
	at java.awt.EventDispatchThread.pumpEvents(EventDispatchThread.java:101) ~[?:?]
	at java.awt.EventDispatchThread.run(EventDispatchThread.java:90) ~[?:?]
2022-07-28 22:57:11.203 ERROR [AWT-EventQueue-0] [com.aptech.library.management.views.formMain.loadSlipsData(formMain.java:1848)] - Error parsing return date.
java.time.format.DateTimeParseException: Text '' could not be parsed at index 0
	at java.time.format.DateTimeFormatter.parseResolved0(DateTimeFormatter.java:2056) ~[?:?]
	at java.time.format.DateTimeFormatter.parse(DateTimeFormatter.java:1958) ~[?:?]
	at java.time.LocalDate.parse(LocalDate.java:430) ~[?:?]
	at com.aptech.library.management.views.formMain.loadSlipsData(formMain.java:1845) ~[classes/:?]
	at com.aptech.library.management.views.formMain.<init>(formMain.java:68) ~[classes/:?]
	at com.aptech.library.management.views.formMain$54.run(formMain.java:2324) ~[classes/:?]
	at java.awt.event.InvocationEvent.dispatch(InvocationEvent.java:318) ~[?:?]
	at java.awt.EventQueue.dispatchEventImpl(EventQueue.java:773) ~[?:?]
	at java.awt.EventQueue$4.run(EventQueue.java:720) ~[?:?]
	at java.awt.EventQueue$4.run(EventQueue.java:714) ~[?:?]
	at java.security.AccessController.doPrivileged(AccessController.java:399) ~[?:?]
	at java.security.ProtectionDomain$JavaSecurityAccessImpl.doIntersectionPrivilege(ProtectionDomain.java:86) ~[?:?]
	at java.awt.EventQueue.dispatchEvent(EventQueue.java:742) ~[?:?]
	at java.awt.EventDispatchThread.pumpOneEventForFilters(EventDispatchThread.java:203) ~[?:?]
	at java.awt.EventDispatchThread.pumpEventsForFilter(EventDispatchThread.java:124) ~[?:?]
	at java.awt.EventDispatchThread.pumpEventsForHierarchy(EventDispatchThread.java:113) ~[?:?]
	at java.awt.EventDispatchThread.pumpEvents(EventDispatchThread.java:109) ~[?:?]
	at java.awt.EventDispatchThread.pumpEvents(EventDispatchThread.java:101) ~[?:?]
	at java.awt.EventDispatchThread.run(EventDispatchThread.java:90) ~[?:?]
2022-07-28 22:57:11.234 INFO [AWT-EventQueue-0] [com.aptech.library.management.services.BorrowService.getSlips(BorrowService.java:44)] - Executing statement: com.mysql.cj.jdbc.CallableStatement: call get_slips('', '', '', '', 0)
2022-07-28 22:57:11.246 INFO [AWT-EventQueue-0] [com.aptech.library.management.services.BorrowService.getStudentName(BorrowService.java:77)] - Executing 'select student.name from student where student.id = 3'
2022-07-28 22:57:11.258 INFO [AWT-EventQueue-0] [com.aptech.library.management.services.BorrowService.getBookName(BorrowService.java:101)] - Executing 'select book.name from book where book.id = 544'
2022-07-28 22:57:11.267 INFO [AWT-EventQueue-0] [com.aptech.library.management.services.BorrowService.getStudentName(BorrowService.java:77)] - Executing 'select student.name from student where student.id = 59'
2022-07-28 22:57:11.274 INFO [AWT-EventQueue-0] [com.aptech.library.management.services.BorrowService.getBookName(BorrowService.java:101)] - Executing 'select book.name from book where book.id = 6'
2022-07-28 22:57:11.283 INFO [AWT-EventQueue-0] [com.aptech.library.management.services.BorrowService.getStudentName(BorrowService.java:77)] - Executing 'select student.name from student where student.id = 1'
2022-07-28 22:57:11.290 INFO [AWT-EventQueue-0] [com.aptech.library.management.services.BorrowService.getBookName(BorrowService.java:101)] - Executing 'select book.name from book where book.id = 23'
2022-07-28 22:57:11.301 INFO [AWT-EventQueue-0] [com.aptech.library.management.services.StudentService.getStudents(StudentService.java:39)] - Executing statement: com.mysql.cj.jdbc.ClientPreparedStatement: select * from student where 1 = 1
2022-07-28 22:57:48.032 INFO [AWT-EventQueue-0] [com.aptech.library.management.services.BookService.getBooks(BookService.java:60)] - Executing statement: com.mysql.cj.jdbc.CallableStatement: call get_books('', '', 0, '', '')
2022-07-28 22:57:48.123 INFO [AWT-EventQueue-0] [com.aptech.library.management.services.BookService.getBookId(BookService.java:381)] - Executing statement: com.mysql.cj.jdbc.ClientPreparedStatement: select id from book where name = ''
2022-07-28 22:57:48.130 ERROR [AWT-EventQueue-0] [com.aptech.library.management.services.BookService.getBookId(BookService.java:390)] - Error getting book ID.
java.sql.SQLException: Illegal operation on empty result set.
	at com.mysql.cj.jdbc.exceptions.SQLError.createSQLException(SQLError.java:129) ~[mysql-connector-java-8.0.29.jar:8.0.29]
	at com.mysql.cj.jdbc.exceptions.SQLError.createSQLException(SQLError.java:97) ~[mysql-connector-java-8.0.29.jar:8.0.29]
	at com.mysql.cj.jdbc.exceptions.SQLError.createSQLException(SQLError.java:89) ~[mysql-connector-java-8.0.29.jar:8.0.29]
	at com.mysql.cj.jdbc.exceptions.SQLError.createSQLException(SQLError.java:63) ~[mysql-connector-java-8.0.29.jar:8.0.29]
	at com.mysql.cj.jdbc.result.ResultSetImpl.checkRowPos(ResultSetImpl.java:532) ~[mysql-connector-java-8.0.29.jar:8.0.29]
	at com.mysql.cj.jdbc.result.ResultSetImpl.getObject(ResultSetImpl.java:1327) ~[mysql-connector-java-8.0.29.jar:8.0.29]
	at com.mysql.cj.jdbc.result.ResultSetImpl.getLong(ResultSetImpl.java:856) ~[mysql-connector-java-8.0.29.jar:8.0.29]
	at com.mysql.cj.jdbc.result.ResultSetImpl.getLong(ResultSetImpl.java:862) ~[mysql-connector-java-8.0.29.jar:8.0.29]
	at com.aptech.library.management.services.BookService.getBookId(BookService.java:386) ~[classes/:?]
	at com.aptech.library.management.views.formMain.loadSlipsData(formMain.java:1831) ~[classes/:?]
	at com.aptech.library.management.views.formMain.<init>(formMain.java:68) ~[classes/:?]
	at com.aptech.library.management.views.formMain$54.run(formMain.java:2324) ~[classes/:?]
	at java.awt.event.InvocationEvent.dispatch(InvocationEvent.java:318) ~[?:?]
	at java.awt.EventQueue.dispatchEventImpl(EventQueue.java:773) ~[?:?]
	at java.awt.EventQueue$4.run(EventQueue.java:720) ~[?:?]
	at java.awt.EventQueue$4.run(EventQueue.java:714) ~[?:?]
	at java.security.AccessController.doPrivileged(AccessController.java:399) ~[?:?]
	at java.security.ProtectionDomain$JavaSecurityAccessImpl.doIntersectionPrivilege(ProtectionDomain.java:86) ~[?:?]
	at java.awt.EventQueue.dispatchEvent(EventQueue.java:742) ~[?:?]
	at java.awt.EventDispatchThread.pumpOneEventForFilters(EventDispatchThread.java:203) ~[?:?]
	at java.awt.EventDispatchThread.pumpEventsForFilter(EventDispatchThread.java:124) ~[?:?]
	at java.awt.EventDispatchThread.pumpEventsForHierarchy(EventDispatchThread.java:113) ~[?:?]
	at java.awt.EventDispatchThread.pumpEvents(EventDispatchThread.java:109) ~[?:?]
	at java.awt.EventDispatchThread.pumpEvents(EventDispatchThread.java:101) ~[?:?]
	at java.awt.EventDispatchThread.run(EventDispatchThread.java:90) ~[?:?]
2022-07-28 22:57:48.159 ERROR [AWT-EventQueue-0] [com.aptech.library.management.views.formMain.loadSlipsData(formMain.java:1842)] - Error parsing borrow date.
java.time.format.DateTimeParseException: Text '' could not be parsed at index 0
	at java.time.format.DateTimeFormatter.parseResolved0(DateTimeFormatter.java:2056) ~[?:?]
	at java.time.format.DateTimeFormatter.parse(DateTimeFormatter.java:1958) ~[?:?]
	at java.time.LocalDate.parse(LocalDate.java:430) ~[?:?]
	at com.aptech.library.management.views.formMain.loadSlipsData(formMain.java:1839) ~[classes/:?]
	at com.aptech.library.management.views.formMain.<init>(formMain.java:68) ~[classes/:?]
	at com.aptech.library.management.views.formMain$54.run(formMain.java:2324) ~[classes/:?]
	at java.awt.event.InvocationEvent.dispatch(InvocationEvent.java:318) ~[?:?]
	at java.awt.EventQueue.dispatchEventImpl(EventQueue.java:773) ~[?:?]
	at java.awt.EventQueue$4.run(EventQueue.java:720) ~[?:?]
	at java.awt.EventQueue$4.run(EventQueue.java:714) ~[?:?]
	at java.security.AccessController.doPrivileged(AccessController.java:399) ~[?:?]
	at java.security.ProtectionDomain$JavaSecurityAccessImpl.doIntersectionPrivilege(ProtectionDomain.java:86) ~[?:?]
	at java.awt.EventQueue.dispatchEvent(EventQueue.java:742) ~[?:?]
	at java.awt.EventDispatchThread.pumpOneEventForFilters(EventDispatchThread.java:203) ~[?:?]
	at java.awt.EventDispatchThread.pumpEventsForFilter(EventDispatchThread.java:124) ~[?:?]
	at java.awt.EventDispatchThread.pumpEventsForHierarchy(EventDispatchThread.java:113) ~[?:?]
	at java.awt.EventDispatchThread.pumpEvents(EventDispatchThread.java:109) ~[?:?]
	at java.awt.EventDispatchThread.pumpEvents(EventDispatchThread.java:101) ~[?:?]
	at java.awt.EventDispatchThread.run(EventDispatchThread.java:90) ~[?:?]
2022-07-28 22:57:48.168 ERROR [AWT-EventQueue-0] [com.aptech.library.management.views.formMain.loadSlipsData(formMain.java:1848)] - Error parsing return date.
java.time.format.DateTimeParseException: Text '' could not be parsed at index 0
	at java.time.format.DateTimeFormatter.parseResolved0(DateTimeFormatter.java:2056) ~[?:?]
	at java.time.format.DateTimeFormatter.parse(DateTimeFormatter.java:1958) ~[?:?]
	at java.time.LocalDate.parse(LocalDate.java:430) ~[?:?]
	at com.aptech.library.management.views.formMain.loadSlipsData(formMain.java:1845) ~[classes/:?]
	at com.aptech.library.management.views.formMain.<init>(formMain.java:68) ~[classes/:?]
	at com.aptech.library.management.views.formMain$54.run(formMain.java:2324) ~[classes/:?]
	at java.awt.event.InvocationEvent.dispatch(InvocationEvent.java:318) ~[?:?]
	at java.awt.EventQueue.dispatchEventImpl(EventQueue.java:773) ~[?:?]
	at java.awt.EventQueue$4.run(EventQueue.java:720) ~[?:?]
	at java.awt.EventQueue$4.run(EventQueue.java:714) ~[?:?]
	at java.security.AccessController.doPrivileged(AccessController.java:399) ~[?:?]
	at java.security.ProtectionDomain$JavaSecurityAccessImpl.doIntersectionPrivilege(ProtectionDomain.java:86) ~[?:?]
	at java.awt.EventQueue.dispatchEvent(EventQueue.java:742) ~[?:?]
	at java.awt.EventDispatchThread.pumpOneEventForFilters(EventDispatchThread.java:203) ~[?:?]
	at java.awt.EventDispatchThread.pumpEventsForFilter(EventDispatchThread.java:124) ~[?:?]
	at java.awt.EventDispatchThread.pumpEventsForHierarchy(EventDispatchThread.java:113) ~[?:?]
	at java.awt.EventDispatchThread.pumpEvents(EventDispatchThread.java:109) ~[?:?]
	at java.awt.EventDispatchThread.pumpEvents(EventDispatchThread.java:101) ~[?:?]
	at java.awt.EventDispatchThread.run(EventDispatchThread.java:90) ~[?:?]
2022-07-28 22:57:48.200 INFO [AWT-EventQueue-0] [com.aptech.library.management.services.BorrowService.getSlips(BorrowService.java:44)] - Executing statement: com.mysql.cj.jdbc.CallableStatement: call get_slips('', '', '', '', 0)
2022-07-28 22:57:48.213 INFO [AWT-EventQueue-0] [com.aptech.library.management.services.BorrowService.getStudentName(BorrowService.java:77)] - Executing 'select student.name from student where student.id = 3'
2022-07-28 22:57:48.223 INFO [AWT-EventQueue-0] [com.aptech.library.management.services.BorrowService.getBookName(BorrowService.java:101)] - Executing 'select book.name from book where book.id = 544'
2022-07-28 22:57:48.244 INFO [AWT-EventQueue-0] [com.aptech.library.management.services.BorrowService.getStudentName(BorrowService.java:77)] - Executing 'select student.name from student where student.id = 59'
2022-07-28 22:57:48.252 INFO [AWT-EventQueue-0] [com.aptech.library.management.services.BorrowService.getBookName(BorrowService.java:101)] - Executing 'select book.name from book where book.id = 6'
2022-07-28 22:57:48.259 INFO [AWT-EventQueue-0] [com.aptech.library.management.services.BorrowService.getStudentName(BorrowService.java:77)] - Executing 'select student.name from student where student.id = 1'
2022-07-28 22:57:48.268 INFO [AWT-EventQueue-0] [com.aptech.library.management.services.BorrowService.getBookName(BorrowService.java:101)] - Executing 'select book.name from book where book.id = 23'
2022-07-28 22:57:48.276 INFO [AWT-EventQueue-0] [com.aptech.library.management.services.StudentService.getStudents(StudentService.java:39)] - Executing statement: com.mysql.cj.jdbc.ClientPreparedStatement: select * from student where 1 = 1
